#-----------------------------------------------------------
# Vivado v2020.1 (64-bit)
# SW Build 2902540 on Wed May 27 19:54:49 MDT 2020
# IP Build 2902112 on Wed May 27 22:43:36 MDT 2020
# Start of session at: Wed Oct 28 21:44:42 2020
# Process ID: 23460
# Current directory: C:/Users/mcvle/Desktop/341-Lab-2/Lab 2/Lab 2
# Command line: vivado.exe -gui_launcher_event rodinguilauncherevent4596 C:\Users\mcvle\Desktop\341-Lab-2\Lab 2\Lab 2\Lab 2.xpr
# Log file: C:/Users/mcvle/Desktop/341-Lab-2/Lab 2/Lab 2/vivado.log
# Journal file: C:/Users/mcvle/Desktop/341-Lab-2/Lab 2/Lab 2\vivado.jou
#-----------------------------------------------------------
start_gui
oopen_project {C:/Users/mcvle/Desktop/341-Lab-2/Lab 2/Lab 2/Lab 2.xpr}
CRITICAL WARNING: [Project 1-19] Could not find the file 'C:/Users/mcvle/Desktop/341-Lab-2/Lab 2/Lab 2/Lab 2.srcs/sources_1/new/InstMem.v'.
Scanning sources...
Finished scanning sources
WARNING: [filemgmt 56-3] IPUserFilesDir: Could not find the directory 'C:/Users/mcvle/Lab 2/Lab 2/Lab 2.ip_user_files'.
INFO: [IP_Flow 19-234] Refreshing IP repositories
INFO: [IP_Flow 19-1704] No user IP repositories specifiedIINFO: [IP_Flow 19-2313] Loaded Vivado IP repository 'C:/Xilinx/Vivado/2020.1/data/ip'.oopen_project: Time (s): cpu = 00:00:23 ; elapsed = 00:00:10 . Memory (MB): peak = 1018.219 ; gain = 0.000uupdate_compile_order -fileset sources_1eexit
INFO: [Common 17-206] Exiting Vivado at Wed Oct 28 21:50:18 2020...
