#-----------------------------------------------------------
# Vivado v2020.1 (64-bit)
# SW Build 2902540 on Wed May 27 19:54:49 MDT 2020
# IP Build 2902112 on Wed May 27 22:43:36 MDT 2020
# Start of session at: Wed Oct 28 21:31:34 2020
# Process ID: 9620
# Current directory: C:/Users/mcvle/Desktop/341-Lab-2/Lab 2/Lab 2
# Command line: vivado.exe -gui_launcher_event rodinguilauncherevent5124 C:\Users\mcvle\Desktop\341-Lab-2\Lab 2\Lab 2\Lab 2.xpr
# Log file: C:/Users/mcvle/Desktop/341-Lab-2/Lab 2/Lab 2/vivado.log
# Journal file: C:/Users/mcvle/Desktop/341-Lab-2/Lab 2/Lab 2\vivado.jou
#-----------------------------------------------------------
start_gui
open_project {C:/Users/mcvle/Desktop/341-Lab-2/Lab 2/Lab 2/Lab 2.xpr}
INFO: [Project 1-313] Project file moved from 'C:/Users/Alex/Desktop/CS/CECS 341/Xilinx/Lab 2.1/341-Lab-2/Lab 2/Lab 2' since last save.
CRITICAL WARNING: [Project 1-311] Could not find the file 'C:/Users/mcvle/Desktop/341-Lab-2/Lab 2/Lab 2/Lab 2.srcs/sources_1/new/InstMem.v', nor could it be found using path 'C:/Users/Alex/Desktop/CS/CECS 341/Xilinx/Lab 2.1/341-Lab-2/Lab 2/Lab 2/Lab 2.srcs/sources_1/new/InstMem.v'.
Scanning sources...
Finished scanning sources
WARNING: [filemgmt 56-2] IPUserFilesDir: Could not find the directory 'C:/Users/mcvle/Lab 2/Lab 2/Lab 2.ip_user_files', nor could it be found using path 'C:/Users/Alex/Desktop/CS/CECS 341/Xilinx/Lab 2/Lab 2/Lab 2.ip_user_files'.
INFO: [Project 1-230] Project 'Lab 2.xpr' upgraded for this version of Vivado.
INFO: [IP_Flow 19-234] Refreshing IP repositories
INFO: [IP_Flow 19-1704] No user IP repositories specified
INFO: [IP_Flow 19-2313] Loaded Vivado IP repository 'C:/Xilinx/Vivado/2020.1/data/ip'.
update_compile_order -fileset sources_1
exit
INFO: [Common 17-206] Exiting Vivado at Wed Oct 28 21:39:02 2020...
