#-----------------------------------------------------------
# Vivado v2019.2 (64-bit)
# SW Build 2708876 on Wed Nov  6 21:40:23 MST 2019
# IP Build 2700528 on Thu Nov  7 00:09:20 MST 2019
# Start of session at: Wed Oct 28 14:11:47 2020
# Process ID: 16132
# Current directory: C:/Users/Alex/Desktop/CS/CECS 341/Xilinx/Lab 2.1/341-Lab-2/Lab 2/Lab 2
# Command line: vivado.exe -gui_launcher_event rodinguilauncherevent7992 C:\Users\Alex\Desktop\CS\CECS 341\Xilinx\Lab 2.1\341-Lab-2\Lab 2\Lab 2\Lab 2.xpr
# Log file: C:/Users/Alex/Desktop/CS/CECS 341/Xilinx/Lab 2.1/341-Lab-2/Lab 2/Lab 2/vivado.log
# Journal file: C:/Users/Alex/Desktop/CS/CECS 341/Xilinx/Lab 2.1/341-Lab-2/Lab 2/Lab 2\vivado.jou
#-----------------------------------------------------------
start_gui
open_project {C:/Users/Alex/Desktop/CS/CECS 341/Xilinx/Lab 2.1/341-Lab-2/Lab 2/Lab 2/Lab 2.xpr}
Scanning sources...
Finished scanning sources
INFO: [IP_Flow 19-234] Refreshing IP repositories
INFO: [IP_Flow 19-1704] No user IP repositories specified
INFO: [IP_Flow 19-2313] Loaded Vivado IP repository 'D:/Vivado/2019.2/data/ip'.
open_project: Time (s): cpu = 00:00:12 ; elapsed = 00:00:12 . Memory (MB): peak = 619.359 ; gain = 31.980
update_compile_order -fileset sources_1
